<?xml version="1.0" encoding="UTF-8"?>
<!-- Generated by org.testng.reporters.JUnitReportReporter -->
<testsuite skipped="0" hostname="ECOWS-202" name="Com.HRMS.TestCase.TestCoreHR" tests="8" failures="0" timestamp="2019-12-24T20:45:51 IST" time="438.326" errors="0">
  <testcase name="TestAward" time="54.979" classname="Com.HRMS.TestCase.TestCoreHR"/>
  <testcase name="TestTransfer" time="48.489" classname="Com.HRMS.TestCase.TestCoreHR"/>
  <testcase name="TestResignation" time="51.124" classname="Com.HRMS.TestCase.TestCoreHR"/>
  <testcase name="TestTravel" time="55.619" classname="Com.HRMS.TestCase.TestCoreHR"/>
  <testcase name="TestPromotion" time="48.951" classname="Com.HRMS.TestCase.TestCoreHR"/>
  <testcase name="TestComplaint" time="59.711" classname="Com.HRMS.TestCase.TestCoreHR"/>
  <testcase name="TestWarning" time="49.958" classname="Com.HRMS.TestCase.TestCoreHR"/>
  <testcase name="TestTermination" time="69.495" classname="Com.HRMS.TestCase.TestCoreHR"/>
</testsuite> <!-- Com.HRMS.TestCase.TestCoreHR -->
