<?xml version="1.0" encoding="UTF-8"?>
<!-- Generated by org.testng.reporters.JUnitReportReporter -->
<testsuite skipped="0" hostname="ECOWS-202" name="Com.HRMS.TestCase.TestPerformance" tests="4" failures="0" timestamp="2019-12-24T20:45:51 IST" time="245.076" errors="0">
  <testcase name="TestIndicator" time="82.116" classname="Com.HRMS.TestCase.TestPerformance"/>
  <testcase name="TestAppraisal" time="72.318" classname="Com.HRMS.TestCase.TestPerformance"/>
  <testcase name="TestGoalType" time="42.687" classname="Com.HRMS.TestCase.TestPerformance"/>
  <testcase name="TestGoalTracking" time="47.955" classname="Com.HRMS.TestCase.TestPerformance"/>
</testsuite> <!-- Com.HRMS.TestCase.TestPerformance -->
