<?xml version="1.0" encoding="UTF-8"?>
<!-- Generated by org.testng.reporters.JUnitReportReporter -->
<testsuite skipped="0" hostname="ECOWS-202" name="Com.HRMS.TestCase.TestPayroll" tests="1" failures="0" timestamp="2019-12-24T20:45:51 IST" time="62.455" errors="0">
  <testcase name="TestSearch" time="62.455" classname="Com.HRMS.TestCase.TestPayroll"/>
</testsuite> <!-- Com.HRMS.TestCase.TestPayroll -->
