<?xml version="1.0" encoding="UTF-8"?>
<!-- Generated by org.testng.reporters.JUnitReportReporter -->
<testsuite skipped="0" hostname="ECOWS-202" name="Com.HRMS.TestCase.TestRecruitment" tests="1" failures="0" timestamp="2019-12-26T12:47:22 IST" time="28.995" errors="0">
  <testcase name="TestAddEmployer" time="28.995" classname="Com.HRMS.TestCase.TestRecruitment"/>
</testsuite> <!-- Com.HRMS.TestCase.TestRecruitment -->
