<?xml version="1.0" encoding="UTF-8"?>
<!-- Generated by org.testng.reporters.JUnitReportReporter -->
<testsuite skipped="0" hostname="ECOWS-202" name="Com.HRMS.TestCase.TestFileManager" tests="1" failures="0" timestamp="2019-12-26T16:11:17 IST" time="43.257" errors="0">
  <testcase name="TestFile" time="43.257" classname="Com.HRMS.TestCase.TestFileManager"/>
</testsuite> <!-- Com.HRMS.TestCase.TestFileManager -->
