<?xml version="1.0" encoding="UTF-8"?>
<!-- Generated by org.testng.reporters.JUnitReportReporter -->
<testsuite skipped="0" hostname="ECOWS-202" name="Com.HRMS.TestCase.TestHrmsStaffPage" tests="4" failures="0" timestamp="2019-12-24T20:45:51 IST" time="215.317" errors="0">
  <testcase name="TestCreateEmployee" time="73.873" classname="Com.HRMS.TestCase.TestHrmsStaffPage"/>
  <testcase name="TestStaffDirectory" time="51.793" classname="Com.HRMS.TestCase.TestHrmsStaffPage"/>
  <testcase name="TestCustomField" time="42.074" classname="Com.HRMS.TestCase.TestHrmsStaffPage"/>
  <testcase name="TestEmployeeExit" time="47.577" classname="Com.HRMS.TestCase.TestHrmsStaffPage"/>
</testsuite> <!-- Com.HRMS.TestCase.TestHrmsStaffPage -->
