<?xml version="1.0" encoding="UTF-8"?>
<!-- Generated by org.testng.reporters.JUnitReportReporter -->
<testsuite skipped="0" hostname="ECOWS-202" name="Com.HRMS.TestCase.TestTimeSheet" tests="6" failures="0" timestamp="2019-12-24T20:45:51 IST" time="406.405" errors="0">
  <testcase name="TestTimeSheetCalender" time="39.069" classname="Com.HRMS.TestCase.TestTimeSheet"/>
  <testcase name="TestDatewiseAttendance" time="64.688" classname="Com.HRMS.TestCase.TestTimeSheet"/>
  <testcase name="TestUpdateAttendance" time="68.174" classname="Com.HRMS.TestCase.TestTimeSheet"/>
  <testcase name="TestOverTime" time="73.167" classname="Com.HRMS.TestCase.TestTimeSheet"/>
  <testcase name="TestOfficeShift" time="100.986" classname="Com.HRMS.TestCase.TestTimeSheet"/>
  <testcase name="TestManageHoliday" time="60.321" classname="Com.HRMS.TestCase.TestTimeSheet"/>
</testsuite> <!-- Com.HRMS.TestCase.TestTimeSheet -->
