<?xml version="1.0" encoding="UTF-8"?>
<!-- Generated by org.testng.reporters.JUnitReportReporter -->
<testsuite skipped="0" hostname="ECOWS-202" name="Com.HRMS.TestCase.TestCoreHR" tests="1" failures="0" timestamp="11 Dec 2019 15:10:04 GMT" time="48.505" errors="0">
  <testcase name="TestAward" time="48.505" classname="Com.HRMS.TestCase.TestCoreHR"/>
</testsuite> <!-- Com.HRMS.TestCase.TestCoreHR -->
