<?xml version="1.0" encoding="UTF-8"?>
<!-- Generated by org.testng.reporters.JUnitReportReporter -->
<testsuite skipped="0" hostname="ECOWS-202" name="Com.HRMS.TestCase.TestOrganizationPage" tests="1" failures="0" timestamp="11 Dec 2019 15:10:04 GMT" time="46.876" errors="0">
  <testcase name="TestCompany" time="46.876" classname="Com.HRMS.TestCase.TestOrganizationPage"/>
</testsuite> <!-- Com.HRMS.TestCase.TestOrganizationPage -->
