<?xml version="1.0" encoding="UTF-8"?>
<!-- Generated by org.testng.reporters.JUnitReportReporter -->
<testsuite skipped="0" hostname="ECOWS-202" name="Com.HRMS.TestCase.TestLogin" tests="1" failures="0" timestamp="11 Dec 2019 15:10:04 GMT" time="24.225" errors="0">
  <testcase name="LoginTest" time="24.225" classname="Com.HRMS.TestCase.TestLogin"/>
</testsuite> <!-- Com.HRMS.TestCase.TestLogin -->
